<?xml version="1.0" encoding="UTF-8"?>
<testsuite xmlns:xsi="http://www.w3.org/2001/XMLSchema-instance" xsi:noNamespaceSchemaLocation="https://maven.apache.org/surefire/maven-surefire-plugin/xsd/surefire-test-report.xsd" name="SchubsLTest" time="0.496" tests="8" errors="0" skipped="0" failures="0">
  <properties>
[...]
</properties>
  <testcase name="lowerCaseWord" classname="SchubsLTest" time="0.001"/>
  <testcase name="emptyFile" classname="SchubsLTest" time="0"/>
  <testcase name="normalCase" classname="SchubsLTest" time="0.001"/>
  <testcase name="upperCaseWord" classname="SchubsLTest" time="0.009"/>
  <testcase name="containsManyThings" classname="SchubsLTest" time="0.473"/>
  <testcase name="wrongNumberOfArgs" classname="SchubsLTest" time="0"/>
  <testcase name="longWordNoSpaces" classname="SchubsLTest" time="0.012"/>
  <testcase name="missingFile" classname="SchubsLTest" time="0"/>
</testsuite>